<?xml version="1.0" encoding="UTF-8"?>
<testsuite name="CarDriverTest" tests="1" skipped="0" failures="0" errors="0" timestamp="2023-05-09T14:41:12" hostname="Marks-MBP" time="0.099">
  <properties/>
  <testcase name="testCarDriverMain()" classname="CarDriverTest" time="0.099"/>
  <system-out><![CDATA[step 1
step 2
step 3
step 4
carList and clonedCarList are equal
]]></system-out>
  <system-err><![CDATA[]]></system-err>
</testsuite>
