<?xml version="1.0" encoding="UTF-8"?>
<testsuite name="CarDriverTest" tests="2" skipped="0" failures="0" errors="0" timestamp="2023-04-19T18:23:51" hostname="Marks-MBP" time="0.033">
  <properties/>
  <testcase name="carListEqualsCloneList()" classname="CarDriverTest" time="0.029"/>
  <testcase name="carListDoesNotEqualsCloneList()" classname="CarDriverTest" time="0.003"/>
  <system-out><![CDATA[]]></system-out>
  <system-err><![CDATA[]]></system-err>
</testsuite>
